<?xml version="1.0" encoding="UTF-8"?>
<!-- Generated by org.testng.reporters.JUnitXMLReporter -->
<testsuite ignored="0" hostname="TXCHD-LAP-165" failures="0" tests="3" name="Default test" time="28.373" errors="0" timestamp="2024-07-05T23:49:49 IST">
  <testcase classname="Mock_Selenium_Prepartion.Selenium_Preparation.ReadDataFromXlsx" name="login" time="2.169"/>
  <testcase classname="Mock_Selenium_Prepartion.Selenium_Preparation.ReadDataFromXlsx" name="login" time="1.236"/>
  <testcase classname="Mock_Selenium_Prepartion.Selenium_Preparation.ReadDataFromXlsx" name="login" time="1.027"/>
</testsuite> <!-- Default test -->
